... loading "EgenIO" from "C:\Users\Justin\Documents\GitHub\RPI_CASE_ICS_Modelica\EgenIO.txt"
... loading "4DLUT" from "C:\Users\Justin\Documents\GitHub\RPI_CASE_ICS_Modelica\4D_LUT\4DLUT.txt"
... loading "EgenIO" from "C:\Users\Justin\Documents\GitHub\RPI_CASE_ICS_Modelica\EgenIO.txt"
... loading "4DLUT" from "C:\Users\Justin\Documents\GitHub\RPI_CASE_ICS_Modelica\4D_LUT\4DLUT.txt"
... loading "EgenIO" from "C:\Users\Justin\Documents\GitHub\RPI_CASE_ICS_Modelica\EgenIO.txt"
... loading "4DLUT" from "C:\Users\Justin\Documents\GitHub\RPI_CASE_ICS_Modelica\4D_LUT\4DLUT.txt"
... loading "EgenIO" from "C:\Users\Justin\Documents\GitHub\RPI_CASE_ICS_Modelica\EgenIO.txt"
... loading "4DLUT" from "C:\Users\Justin\Documents\GitHub\RPI_CASE_ICS_Modelica\4D_LUT\4DLUT.txt"
... loading "EgenIO" from "C:\Users\Justin\Documents\GitHub\RPI_CASE_ICS_Modelica\EgenIO.txt"
... loading "4DLUT" from "C:\Users\Justin\Documents\GitHub\RPI_CASE_ICS_Modelica\4D_LUT\4DLUT.txt"
... loading "EgenIO" from "C:\Users\Justin\Documents\GitHub\RPI_CASE_ICS_Modelica\EgenIO.txt"
... loading "4DLUT" from "C:\Users\Justin\Documents\GitHub\RPI_CASE_ICS_Modelica\4D_LUT\4DLUT.txt"
... loading "EgenIO" from "C:\Users\Justin\Documents\GitHub\RPI_CASE_ICS_Modelica\EgenIO.txt"
... loading "4DLUT" from "C:\Users\Justin\Documents\GitHub\RPI_CASE_ICS_Modelica\4D_LUT\4DLUT.txt"
... loading "EgenIO" from "C:\Users\Justin\Documents\GitHub\RPI_CASE_ICS_Modelica\EgenIO.txt"
... loading "4DLUT" from "C:\Users\Justin\Documents\GitHub\RPI_CASE_ICS_Modelica\4D_LUT\4DLUT.txt"
... loading "EgenIO" from "C:\Users\Justin\Documents\GitHub\RPI_CASE_ICS_Modelica\EgenIO.txt"
... loading "4DLUT" from "C:\Users\Justin\Documents\GitHub\RPI_CASE_ICS_Modelica\4D_LUT\4DLUT.txt"
... loading "EgenIO" from "C:\Users\Justin\Documents\GitHub\RPI_CASE_ICS_Modelica\EgenIO.txt"
... loading "4DLUT" from "C:\Users\Justin\Documents\GitHub\RPI_CASE_ICS_Modelica\4D_LUT\4DLUT.txt"
... loading "tab1" from "C:/Users/Justin/Documents/GitHub/RPI_CASE_ICS_Modelica/weatherdata/USA_NY_New.York-Central.Park.725033_TMY3.mos"
... loading "tab1" from "C:/Users/Justin/Documents/GitHub/RPI_CASE_ICS_Modelica/weatherdata/USA_NY_New.York-Central.Park.725033_TMY3.mos"
... loading "DNI_THTFin_vdot" from "C:\Users\Justin\Documents\GitHub\RPI_CASE_ICS_Modelica\20150323\measuredData20150323r1.txt"
... loading "T_Cav" from "C:\Users\Justin\Documents\GitHub\RPI_CASE_ICS_Modelica\20150323\T_Cav_data.txt"
Warning: Variable ics_context1.weaDat.relHum_in_internal out of [min, max] interval: ics_context1.weaDat.relHum_in_internal >= 0.0 and ics_context1.weaDat.relHum_in_internal <= 1.0 has value: 1.00183
